<?xml version="1.0" encoding="UTF-8"?>
<!-- Generated by org.testng.reporters.JUnitReportReporter -->
<testsuite hostname="DESKTOP-LJUN8GS" failures="0" tests="1" name="training.re" time="5.804" errors="0" timestamp="2024-01-22T21:33:14 EET" skipped="0">
  <testcase classname="training.re" name="miafshvhsdvkfhrsafaoifasliufdctyvausd" time="5.804"/>
  <system-out/>
</testsuite> <!-- training.re -->
