<?xml version="1.0" encoding="UTF-8"?>
<!-- Generated by org.testng.reporters.JUnitReportReporter -->
<testsuite hostname="DESKTOP-LJUN8GS" failures="0" tests="4" name="tests.Tests" time="27.016" errors="0" timestamp="2024-01-25T22:06:00 EET" skipped="0">
  <testcase classname="tests.Tests" name="failed_login" time="5.771"/>
  <system-out/>
  <testcase classname="tests.Tests" name="failed_login" time="6.285"/>
  <system-out/>
  <testcase classname="tests.Tests" name="failed_login" time="7.691"/>
  <system-out/>
  <testcase classname="tests.Tests" name="failed_login" time="7.269"/>
  <system-out/>
</testsuite> <!-- tests.Tests -->
