<?xml version="1.0" encoding="UTF-8"?>
<!-- Generated by org.testng.reporters.JUnitReportReporter -->
<testsuite hostname="DESKTOP-LJUN8GS" failures="0" tests="10" name="tests.Tests" time="172.407" errors="0" timestamp="2024-01-27T19:08:05 EET" skipped="0">
  <testcase classname="tests.Tests" name="failed_json_login" time="20.702"/>
  <system-out/>
  <testcase classname="tests.Tests" name="failed_login_excel" time="79.339"/>
  <system-out/>
  <testcase classname="tests.Tests" name="failed_json_login" time="6.339"/>
  <system-out/>
  <testcase classname="tests.Tests" name="failed_login" time="6.732"/>
  <system-out/>
  <testcase classname="tests.Tests" name="failed_login_excel" time="6.338"/>
  <system-out/>
  <testcase classname="tests.Tests" name="failed_json_login" time="5.005"/>
  <system-out/>
  <testcase classname="tests.Tests" name="failed_json_login" time="5.483"/>
  <system-out/>
  <testcase classname="tests.Tests" name="successfull_login" time="6.390"/>
  <system-out/>
  <testcase classname="tests.Tests" name="failed_login" time="30.238"/>
  <system-out/>
  <testcase classname="tests.Tests" name="failed_login_excel" time="5.841"/>
  <system-out/>
</testsuite> <!-- tests.Tests -->
