<?xml version="1.0" encoding="UTF-8"?>
<!-- Generated by org.testng.reporters.JUnitReportReporter -->
<testsuite hostname="DESKTOP-LJUN8GS" failures="0" tests="3" name="tests.Tests" time="18.799" errors="0" timestamp="2024-01-24T21:43:37 EET" skipped="0">
  <testcase classname="tests.Tests" name="failed_login" time="7.137"/>
  <system-out/>
  <testcase classname="tests.Tests" name="failed_login" time="5.738"/>
  <system-out/>
  <testcase classname="tests.Tests" name="failed_login" time="5.924"/>
  <system-out/>
</testsuite> <!-- tests.Tests -->
