<?xml version="1.0" encoding="UTF-8"?>
<!-- Generated by org.testng.reporters.JUnitReportReporter -->
<testsuite hostname="DESKTOP-LJUN8GS" failures="0" tests="1" name="tests.dfc" time="8.784" errors="0" timestamp="2024-01-27T18:08:57 EET" skipped="0">
  <testcase classname="tests.dfc" name="dfgh" time="8.784"/>
  <system-out/>
</testsuite> <!-- tests.dfc -->
