<?xml version="1.0" encoding="UTF-8"?>
<!-- Generated by org.testng.reporters.JUnitReportReporter -->
<testsuite hostname="DESKTOP-LJUN8GS" failures="0" tests="1" name="tests.Tests" time="7.042" errors="0" timestamp="2024-01-23T22:23:29 EET" skipped="0">
  <testcase classname="tests.Tests" name="successfull_login" time="7.042"/>
  <system-out/>
</testsuite> <!-- tests.Tests -->
