<?xml version="1.0" encoding="UTF-8"?>
<!-- Generated by org.testng.reporters.JUnitReportReporter -->
<testsuite hostname="DESKTOP-LJUN8GS" failures="0" tests="30" name="tests.Tests" time="207.115" errors="0" timestamp="2024-01-27T22:04:57 EET" skipped="0">
  <testcase classname="tests.Tests" name="failed_login_excel" time="7.439"/>
  <system-out/>
  <testcase classname="tests.Tests" name="failed_login" time="4.350"/>
  <system-out/>
  <testcase classname="tests.Tests" name="failed_login_excel" time="7.342"/>
  <system-out/>
  <testcase classname="tests.Tests" name="failed_json_login" time="7.042"/>
  <system-out/>
  <testcase classname="tests.Tests" name="failed_json_login" time="3.800"/>
  <system-out/>
  <testcase classname="tests.Tests" name="failed_login_excel" time="6.435"/>
  <system-out/>
  <testcase classname="tests.Tests" name="failed_json_login" time="9.558"/>
  <system-out/>
  <testcase classname="tests.Tests" name="successfull_login" time="7.660"/>
  <system-out/>
  <testcase classname="tests.Tests" name="failed_json_login" time="5.059"/>
  <system-out/>
  <testcase classname="tests.Tests" name="failed_login_excel" time="4.037"/>
  <system-out/>
  <testcase classname="tests.Tests" name="failed_login_excel" time="7.218"/>
  <system-out/>
  <testcase classname="tests.Tests" name="failed_login_excel" time="8.719"/>
  <system-out/>
  <testcase classname="tests.Tests" name="failed_login" time="8.476"/>
  <system-out/>
  <testcase classname="tests.Tests" name="failed_json_login" time="8.694"/>
  <system-out/>
  <testcase classname="tests.Tests" name="failed_login" time="8.144"/>
  <system-out/>
  <testcase classname="tests.Tests" name="failed_json_login" time="8.920"/>
  <system-out/>
  <testcase classname="tests.Tests" name="failed_login_excel" time="5.629"/>
  <system-out/>
  <testcase classname="tests.Tests" name="failed_json_login" time="6.798"/>
  <system-out/>
  <testcase classname="tests.Tests" name="failed_login" time="6.050"/>
  <system-out/>
  <testcase classname="tests.Tests" name="failed_login" time="8.907"/>
  <system-out/>
  <testcase classname="tests.Tests" name="failed_json_login" time="6.475"/>
  <system-out/>
  <testcase classname="tests.Tests" name="failed_json_login" time="9.748"/>
  <system-out/>
  <testcase classname="tests.Tests" name="failed_json_login" time="4.286"/>
  <system-out/>
  <testcase classname="tests.Tests" name="successfull_login" time="5.537"/>
  <system-out/>
  <testcase classname="tests.Tests" name="successfull_login" time="8.531"/>
  <system-out/>
  <testcase classname="tests.Tests" name="failed_json_login" time="6.168"/>
  <system-out/>
  <testcase classname="tests.Tests" name="failed_login" time="6.874"/>
  <system-out/>
  <testcase classname="tests.Tests" name="failed_json_login" time="4.791"/>
  <system-out/>
  <testcase classname="tests.Tests" name="failed_login_excel" time="7.230"/>
  <system-out/>
  <testcase classname="tests.Tests" name="failed_login_excel" time="7.198"/>
  <system-out/>
</testsuite> <!-- tests.Tests -->
