<?xml version="1.0" encoding="UTF-8"?>
<!-- Generated by org.testng.reporters.JUnitReportReporter -->
<testsuite hostname="DESKTOP-GJSHBUN" failures="0" tests="4" name="tests.Tests" time="27.837" errors="0" timestamp="2024-01-25T14:22:30 EET" skipped="0">
  <testcase classname="tests.Tests" name="failed_login" time="5.263"/>
  <system-out/>
  <testcase classname="tests.Tests" name="failed_login" time="5.878"/>
  <system-out/>
  <testcase classname="tests.Tests" name="failed_login" time="9.931"/>
  <system-out/>
  <testcase classname="tests.Tests" name="failed_login" time="6.765"/>
  <system-out/>
</testsuite> <!-- tests.Tests -->
