<?xml version="1.0" encoding="UTF-8"?>
<!-- Generated by org.testng.reporters.JUnitReportReporter -->
<testsuite hostname="DESKTOP-LJUN8GS" failures="0" tests="1" name="tests.Tests" time="8.046" errors="0" timestamp="2024-01-23T22:41:19 EET" skipped="0">
  <testcase classname="tests.Tests" name="successfull_login" time="8.046"/>
  <system-out/>
</testsuite> <!-- tests.Tests -->
